<testsuites id="" name="" tests="2" failures="2" skipped="0" errors="0" time="10.823161">
<testsuite name="complete-workflow-simple.spec.ts" timestamp="2025-08-16T23:16:06.993Z" hostname="chromium" tests="2" failures="2" skipped="0" time="20.466" errors="0">
<testcase name="Complete Estimate Workflow - Simplified › should complete full estimate workflow from start to finish" classname="complete-workflow-simple.spec.ts" time="10.233">
<failure message="complete-workflow-simple.spec.ts:4:7 should complete full estimate workflow from start to finish" type="FAILURE">
<![CDATA[  [chromium] › complete-workflow-simple.spec.ts:4:7 › Complete Estimate Workflow - Simplified › should complete full estimate workflow from start to finish

    Test timeout of 10000ms exceeded.

    Error: page.waitForSelector: Test timeout of 10000ms exceeded.
    Call log:
      - waiting for locator('input[name="firstName"], input[id*="first"], input[placeholder*="First"]') to be visible


      14 |
      15 |     // Wait for the form to be visible
    > 16 |     await page.waitForSelector('input[name="firstName"], input[id*="first"], input[placeholder*="First"]', { timeout: 10000 });
         |                ^
      17 |
      18 |     // Fill client information - try multiple selector strategies
      19 |     const firstNameSelectors = [
        at /Users/patricksmith/candlefish-ai/projects/paintbox/__tests__/e2e/complete-workflow-simple.spec.ts:16:16

    attachment #1: screenshot (image/png) ──────────────────────────────────────────────────────────
    ../../test-results/complete-workflow-simple-C-1b5d9-rkflow-from-start-to-finish-chromium/test-failed-1.png
    ────────────────────────────────────────────────────────────────────────────────────────────────

    attachment #2: video (video/webm) ──────────────────────────────────────────────────────────────
    ../../test-results/complete-workflow-simple-C-1b5d9-rkflow-from-start-to-finish-chromium/video.webm
    ────────────────────────────────────────────────────────────────────────────────────────────────

    Error Context: ../../test-results/complete-workflow-simple-C-1b5d9-rkflow-from-start-to-finish-chromium/error-context.md
]]>
</failure>
<system-out>
<![CDATA[Filling client details...

[[ATTACHMENT|complete-workflow-simple-C-1b5d9-rkflow-from-start-to-finish-chromium/test-failed-1.png]]

[[ATTACHMENT|complete-workflow-simple-C-1b5d9-rkflow-from-start-to-finish-chromium/video.webm]]

[[ATTACHMENT|complete-workflow-simple-C-1b5d9-rkflow-from-start-to-finish-chromium/error-context.md]]
]]>
</system-out>
</testcase>
<testcase name="Complete Estimate Workflow - Simplified › should handle workflow with minimum required data" classname="complete-workflow-simple.spec.ts" time="10.233">
<failure message="complete-workflow-simple.spec.ts:450:7 should handle workflow with minimum required data" type="FAILURE">
<![CDATA[  [chromium] › complete-workflow-simple.spec.ts:450:7 › Complete Estimate Workflow - Simplified › should handle workflow with minimum required data

    Test timeout of 10000ms exceeded.

    Error: page.fill: Test timeout of 10000ms exceeded.
    Call log:
      - waiting for locator('input[type="text"]:first-of-type')


      455 |
      456 |     // Fill minimum required fields
    > 457 |     await page.fill('input[type="text"]:first-of-type', 'Test');
          |                ^
      458 |     await page.fill('input[type="text"]:nth-of-type(2)', 'User');
      459 |     await page.fill('input[type="email"]', 'test@example.com');
      460 |
        at /Users/patricksmith/candlefish-ai/projects/paintbox/__tests__/e2e/complete-workflow-simple.spec.ts:457:16

    attachment #1: screenshot (image/png) ──────────────────────────────────────────────────────────
    ../../test-results/complete-workflow-simple-C-27a93--with-minimum-required-data-chromium/test-failed-1.png
    ────────────────────────────────────────────────────────────────────────────────────────────────

    attachment #2: video (video/webm) ──────────────────────────────────────────────────────────────
    ../../test-results/complete-workflow-simple-C-27a93--with-minimum-required-data-chromium/video.webm
    ────────────────────────────────────────────────────────────────────────────────────────────────

    Error Context: ../../test-results/complete-workflow-simple-C-27a93--with-minimum-required-data-chromium/error-context.md
]]>
</failure>
<system-out>
<![CDATA[
[[ATTACHMENT|complete-workflow-simple-C-27a93--with-minimum-required-data-chromium/test-failed-1.png]]

[[ATTACHMENT|complete-workflow-simple-C-27a93--with-minimum-required-data-chromium/video.webm]]

[[ATTACHMENT|complete-workflow-simple-C-27a93--with-minimum-required-data-chromium/error-context.md]]
]]>
</system-out>
</testcase>
</testsuite>
</testsuites>
